<?xml version="1.0" encoding="UTF-8"?>
<!-- Generated by org.testng.reporters.JUnitXMLReporter -->
<testsuite ignored="0" hostname="CSCO-W-PF2S5915" failures="0" tests="6" name="Test" time="3.081" errors="0" timestamp="02 Dec 2021 07:10:45 GMT">
  <testcase classname="restAPI.PutRequest" name="PutCall" time="1.933"/>
  <testcase classname="restAPI.PostCallWithjsonFile" name="PostCall" time="0.761"/>
  <testcase classname="restAPI.PostRequest" name="PostCall" time="0.042"/>
  <testcase classname="restAPI.GetRequestWithParam" name="GetCall" time="0.074"/>
  <testcase classname="restAPIChaining.EndToEndTest" name="test1" time="0.197"/>
  <testcase classname="restAPI.GetRequest" name="GetCall" time="0.045"/>
</testsuite> <!-- Test -->
